<?xml version="1.0" encoding="UTF-8"?>
<!-- Generated by org.testng.reporters.JUnitXMLReporter -->
<testsuite ignored="15" hostname="KTLPT1298" failures="8" tests="34" name="Smoke" time="131.64" errors="0" timestamp="2024-09-29T15:29:24 IST">
  <testcase classname="com.mygoal.tests.DashboardPageTest" name="VerifyCurrURL" time="0.666"/>
  <testcase classname="com.mygoal.tests.DashboardPageTest" name="VerifyTitleOfDashboard" time="0.596"/>
  <testcase classname="com.mygoal.tests.DashboardPageTest" name="verifyAccountManagementClickFunctionalityTest" time="0.882">
    <failure type="java.lang.AssertionError" message="expected [New Account] but found []">
      <![CDATA[java.lang.AssertionError: expected [New Account] but found []
at com.mygoal.tests.DashboardPageTest.verifyAccountManagementClickFunctionalityTest(DashboardPageTest.java:88)
at java.base/java.util.ArrayList.forEach(ArrayList.java:1597)
... Removed 31 stack frames]]>
    </failure>
  </testcase> <!-- verifyAccountManagementClickFunctionalityTest -->
  <testcase classname="com.mygoal.tests.DashboardPageTest" name="verifyAnnouncmentClickFunctionalityTest" time="0.962"/>
  <testcase classname="com.mygoal.tests.DashboardPageTest" name="verifyDepositClickFunctionalityTest" time="1.126"/>
  <testcase classname="com.mygoal.tests.DashboardPageTest" name="verifyManagementAccountClickFunctionalityTest" time="1.118">
    <failure type="java.lang.AssertionError" message="expected [http://localhost/banking/admin/?page=accounts] but found [http://localhost/banking/admin/?page=accounts/manage_account]">
      <![CDATA[java.lang.AssertionError: expected [http://localhost/banking/admin/?page=accounts] but found [http://localhost/banking/admin/?page=accounts/manage_account]
at com.mygoal.tests.DashboardPageTest.verifyManagementAccountClickFunctionalityTest(DashboardPageTest.java:118)
at java.base/java.util.ArrayList.forEach(ArrayList.java:1597)
... Removed 31 stack frames]]>
    </failure>
  </testcase> <!-- verifyManagementAccountClickFunctionalityTest -->
  <testcase classname="com.mygoal.tests.DashboardPageTest" name="verifyNewAccountClickFunctionalityTest" time="1.527"/>
  <testcase classname="com.mygoal.tests.DashboardPageTest" name="verifySettingClickFunctionalityTest" time="1.326"/>
  <testcase classname="com.mygoal.tests.DashboardPageTest" name="verifyTransactionClickFunctionalityTest" time="1.113">
    <failure type="java.lang.AssertionError" message="expected [Transaction] but found [Transactions]">
      <![CDATA[java.lang.AssertionError: expected [Transaction] but found [Transactions]
at com.mygoal.tests.DashboardPageTest.verifyTransactionClickFunctionalityTest(DashboardPageTest.java:132)
at java.base/java.util.ArrayList.forEach(ArrayList.java:1597)
... Removed 31 stack frames]]>
    </failure>
  </testcase> <!-- verifyTransactionClickFunctionalityTest -->
  <testcase classname="com.mygoal.tests.DashboardPageTest" name="verifyTransactionHistoryClickFunctionalityTest" time="2.232"/>
  <testcase classname="com.mygoal.tests.DashboardPageTest" name="verifyTransferClickFunctionalityTest" time="1.428">
    <failure type="java.lang.AssertionError" message="expected [http://localhost/banking/admin/?page=transaction/transfer] but found [http://localhost/banking/admin/?page=transaction/deposit]">
      <![CDATA[java.lang.AssertionError: expected [http://localhost/banking/admin/?page=transaction/transfer] but found [http://localhost/banking/admin/?page=transaction/deposit]
at com.mygoal.tests.DashboardPageTest.verifyTransferClickFunctionalityTest(DashboardPageTest.java:192)
at java.base/java.util.ArrayList.forEach(ArrayList.java:1597)
... Removed 31 stack frames]]>
    </failure>
  </testcase> <!-- verifyTransferClickFunctionalityTest -->
  <testcase classname="com.mygoal.tests.DashboardPageTest" name="verifyWithdrowClickFunctionalityTest" time="1.438">
    <failure type="java.lang.AssertionError" message="expected [http://localhost/banking/admin/?page=transaction/withdraw] but found [http://localhost/banking/admin/?page=transaction/deposit]">
      <![CDATA[java.lang.AssertionError: expected [http://localhost/banking/admin/?page=transaction/withdraw] but found [http://localhost/banking/admin/?page=transaction/deposit]
at com.mygoal.tests.DashboardPageTest.verifyWithdrowClickFunctionalityTest(DashboardPageTest.java:177)
at java.base/java.util.ArrayList.forEach(ArrayList.java:1597)
... Removed 31 stack frames]]>
    </failure>
  </testcase> <!-- verifyWithdrowClickFunctionalityTest -->
  <testcase classname="com.mygoal.tests.ManageAccountPageTest" name="VerifyCurrentURLOfManageAccountPage" time="1.322"/>
  <testcase classname="com.mygoal.tests.ManageAccountPageTest" name="VerifyTitleOfManageAccountPage" time="1.27"/>
  <testcase classname="com.mygoal.tests.SettingPageTest" name="VerifyCurrentURLOfsettingPage" time="1.224"/>
  <testcase classname="com.mygoal.tests.NewAccountPageTest" name="verifyAccountCreationFunctionalityWithValiddataTest" time="2.647"/>
  <testcase classname="com.mygoal.tests.NewAccountPageTest" name="verifyTitleOfNewAccountPage" time="1.306"/>
  <testcase classname="com.mygoal.tests.NewAccountPageTest" name="verifyUrlOfNewAccountPage" time="1.283"/>
  <testcase classname="com.mygoal.tests.DepositPageTest" name="VerifyCurrentURLOfDepositPage" time="1.355"/>
  <testcase classname="com.mygoal.tests.DepositPageTest" name="VerifyTitleOfDepositPage" time="1.351"/>
  <testcase classname="com.mygoal.tests.WebsitePageTest" name="verifyAnnouncementsOptionTest" time="1.024"/>
  <testcase classname="com.mygoal.tests.WebsitePageTest" name="verifyTitleOfWebsitePage" time="0.612">
    <failure type="junit.framework.ComparisonFailure" message="expected:&amp;lt;...O...&amp;gt; but was:&amp;lt;...o...&amp;gt;">
      <![CDATA[junit.framework.ComparisonFailure: expected:<...O...> but was:<...o...>
at junit.framework.Assert.assertEquals(Assert.java:81)
at junit.framework.Assert.assertEquals(Assert.java:87)
at com.mygoal.tests.WebsitePageTest.verifyTitleOfWebsitePage(WebsitePageTest.java:54)
at java.base/java.util.ArrayList.forEach(ArrayList.java:1597)
... Removed 25 stack frames]]>
    </failure>
  </testcase> <!-- verifyTitleOfWebsitePage -->
  <testcase classname="com.mygoal.tests.WebsitePageTest" name="verifyUrlOfWebsitePage" time="0.615"/>
  <testcase classname="com.mygoal.tests.LoginPageTest" name="verifyLoginWithInvalidUsernameAndInvalidPassword" time="10.803">
    <failure type="org.openqa.selenium.NoSuchElementException" message="no such element: Unable to locate element: {&amp;quot;method&amp;quot;:&amp;quot;xpath&amp;quot;,&amp;quot;selector&amp;quot;:&amp;quot;//div[text()=&amp;apos; Incorrect username or password&amp;apos;]&amp;quot;}
  (Session info: chrome=129.0.6668.71)
For documentation on this error, please visit: https://www.selenium.dev/documentation/webdriver/troubleshooting/errors#no-such-element-exception
Build info: version: &amp;apos;4.20.0&amp;apos;, revision: &amp;apos;866c76ca80&amp;apos;
System info: os.name: &amp;apos;Windows 11&amp;apos;, os.arch: &amp;apos;amd64&amp;apos;, os.version: &amp;apos;10.0&amp;apos;, java.version: &amp;apos;22.0.2&amp;apos;
Driver info: org.openqa.selenium.chrome.ChromeDriver
Command: [26e609e13ebc07f3563b84f033d2407a, findElement {using=xpath, value=//div[text()=&amp;apos; Incorrect username or password&amp;apos;]}]
Capabilities {acceptInsecureCerts: false, browserName: chrome, browserVersion: 129.0.6668.71, chrome: {chromedriverVersion: 129.0.6668.70 (df87d5cf12b1..., userDataDir: C:\Users\Anish\AppData\Loca...}, fedcm:accounts: true, goog:chromeOptions: {debuggerAddress: localhost:60412}, networkConnectionEnabled: false, pageLoadStrategy: normal, platformName: windows, proxy: Proxy(), se:cdp: ws://localhost:60412/devtoo..., se:cdpVersion: 129.0.6668.71, setWindowRect: true, strictFileInteractability: false, timeouts: {implicit: 0, pageLoad: 300000, script: 30000}, unhandledPromptBehavior: dismiss and notify, webauthn:extension:credBlob: true, webauthn:extension:largeBlob: true, webauthn:extension:minPinLength: true, webauthn:extension:prf: true, webauthn:virtualAuthenticators: true}
Session ID: 26e609e13ebc07f3563b84f033d2407a">
      <![CDATA[org.openqa.selenium.NoSuchElementException: no such element: Unable to locate element: {"method":"xpath","selector":"//div[text()=' Incorrect username or password']"}
  (Session info: chrome=129.0.6668.71)
For documentation on this error, please visit: https://www.selenium.dev/documentation/webdriver/troubleshooting/errors#no-such-element-exception
Build info: version: '4.20.0', revision: '866c76ca80'
System info: os.name: 'Windows 11', os.arch: 'amd64', os.version: '10.0', java.version: '22.0.2'
Driver info: org.openqa.selenium.chrome.ChromeDriver
Command: [26e609e13ebc07f3563b84f033d2407a, findElement {using=xpath, value=//div[text()=' Incorrect username or password']}]
Capabilities {acceptInsecureCerts: false, browserName: chrome, browserVersion: 129.0.6668.71, chrome: {chromedriverVersion: 129.0.6668.70 (df87d5cf12b1..., userDataDir: C:\Users\Anish\AppData\Loca...}, fedcm:accounts: true, goog:chromeOptions: {debuggerAddress: localhost:60412}, networkConnectionEnabled: false, pageLoadStrategy: normal, platformName: windows, proxy: Proxy(), se:cdp: ws://localhost:60412/devtoo..., se:cdpVersion: 129.0.6668.71, setWindowRect: true, strictFileInteractability: false, timeouts: {implicit: 0, pageLoad: 300000, script: 30000}, unhandledPromptBehavior: dismiss and notify, webauthn:extension:credBlob: true, webauthn:extension:largeBlob: true, webauthn:extension:minPinLength: true, webauthn:extension:prf: true, webauthn:virtualAuthenticators: true}
Session ID: 26e609e13ebc07f3563b84f033d2407a
at org.openqa.selenium.remote.ErrorCodec.decode(ErrorCodec.java:167)
at org.openqa.selenium.remote.codec.w3c.W3CHttpResponseCodec.decode(W3CHttpResponseCodec.java:138)
at org.openqa.selenium.remote.codec.w3c.W3CHttpResponseCodec.decode(W3CHttpResponseCodec.java:50)
at org.openqa.selenium.remote.HttpCommandExecutor.execute(HttpCommandExecutor.java:190)
at org.openqa.selenium.remote.service.DriverCommandExecutor.invokeExecute(DriverCommandExecutor.java:216)
at org.openqa.selenium.remote.service.DriverCommandExecutor.execute(DriverCommandExecutor.java:174)
at org.openqa.selenium.remote.RemoteWebDriver.execute(RemoteWebDriver.java:518)
at org.openqa.selenium.remote.ElementLocation$ElementFinder$2.findElement(ElementLocation.java:165)
at org.openqa.selenium.remote.ElementLocation.findElement(ElementLocation.java:59)
at org.openqa.selenium.remote.RemoteWebDriver.findElement(RemoteWebDriver.java:355)
at org.openqa.selenium.remote.RemoteWebDriver.findElement(RemoteWebDriver.java:349)
at org.openqa.selenium.support.pagefactory.DefaultElementLocator.findElement(DefaultElementLocator.java:68)
at org.openqa.selenium.support.pagefactory.internal.LocatingElementHandler.invoke(LocatingElementHandler.java:38)
at jdk.proxy2/jdk.proxy2.$Proxy16.getText(Unknown Source)
at com.mygoal.pageobject.LoginPage.getErrorMessage(LoginPage.java:83)
at com.mygoal.tests.LoginPageTest.verifyLoginWithInvalidUsernameAndInvalidPassword(LoginPageTest.java:79)
at java.base/java.util.ArrayList.forEach(ArrayList.java:1597)
... Removed 28 stack frames]]>
    </failure>
  </testcase> <!-- verifyLoginWithInvalidUsernameAndInvalidPassword -->
  <testcase classname="com.mygoal.tests.LoginPageTest" name="verifyLoginWithValidUsernameAndValidPassword" time="0.665"/>
  <testcase classname="com.mygoal.tests.LoginPageTest" name="verifyTheGotoWebsiteButtonFunctionality" time="0.475"/>
  <testcase classname="com.mygoal.tests.LoginPageTest" name="verifyTitleOfLoginPage" time="0.023">
    <failure type="java.lang.AssertionError" message="expected [State bank of India] but found [State bank Of India]">
      <![CDATA[java.lang.AssertionError: expected [State bank of India] but found [State bank Of India]
at com.mygoal.tests.LoginPageTest.verifyTitleOfLoginPage(LoginPageTest.java:56)
at java.base/java.util.ArrayList.forEach(ArrayList.java:1597)
... Removed 31 stack frames]]>
    </failure>
  </testcase> <!-- verifyTitleOfLoginPage -->
  <testcase classname="com.mygoal.tests.LoginPageTest" name="verifyUrlOfLoginPage" time="0.029"/>
  <testcase classname="com.mygoal.tests.AnnouncementPageTest" name="VerifyCurrentURLOfAnnouncmentPage" time="1.246"/>
  <testcase classname="com.mygoal.tests.AnnouncementPageTest" name="VerifyTitleOfAnnouncmentPage" time="1.194"/>
  <testcase classname="com.mygoal.tests.TransactionPageTest" name="VerifyCurrentURLOfTransactionPage" time="1.283"/>
  <testcase classname="com.mygoal.tests.TransferPageTest" name="VerifyCurrentURLOfTransferPage" time="1.279"/>
  <testcase classname="com.mygoal.tests.WithdrowPageTest" name="VerifyCurrentURLOfWithdrowPage" time="1.137"/>
  <testcase classname="com.mygoal.tests.WithdrowPageTest" name="VerifyTitleOfWithdrowPage" time="1.306"/>
  <testcase classname="com.mygoal.tests.SettingPageTest" name="VerifyTitleOfSettingPage" time="0.0">
    <ignored/>
  </testcase> <!-- VerifyTitleOfSettingPage -->
  <testcase classname="com.mygoal.tests.TransactionPageTest" name="VerifyTitleOfTransactionPage" time="0.0">
    <ignored/>
  </testcase> <!-- VerifyTitleOfTransactionPage -->
  <testcase classname="com.mygoal.tests.TransferPageTest" name="VerifyTitleOfTransferPage" time="0.0">
    <ignored/>
  </testcase> <!-- VerifyTitleOfTransferPage -->
  <testcase classname="com.mygoal.tests.WebsitePageTest" name="verifyHomeoptionTest" time="0.0">
    <ignored/>
  </testcase> <!-- verifyHomeoptionTest -->
  <testcase classname="com.mygoal.baseclass.BaseClass" name="@AfterSuite afterSuite" time="0.0">
    <ignored/>
  </testcase> <!-- @AfterSuite afterSuite -->
  <testcase classname="com.mygoal.baseclass.BaseClass" name="@AfterSuite afterSuite" time="0.0">
    <ignored/>
  </testcase> <!-- @AfterSuite afterSuite -->
  <testcase classname="com.mygoal.baseclass.BaseClass" name="@AfterSuite afterSuite" time="0.0">
    <ignored/>
  </testcase> <!-- @AfterSuite afterSuite -->
  <testcase classname="com.mygoal.baseclass.BaseClass" name="@AfterSuite afterSuite" time="0.0">
    <ignored/>
  </testcase> <!-- @AfterSuite afterSuite -->
  <testcase classname="com.mygoal.baseclass.BaseClass" name="@AfterSuite afterSuite" time="0.0">
    <ignored/>
  </testcase> <!-- @AfterSuite afterSuite -->
  <testcase classname="com.mygoal.baseclass.BaseClass" name="@AfterSuite afterSuite" time="0.0">
    <ignored/>
  </testcase> <!-- @AfterSuite afterSuite -->
  <testcase classname="com.mygoal.baseclass.BaseClass" name="@AfterSuite afterSuite" time="0.0">
    <ignored/>
  </testcase> <!-- @AfterSuite afterSuite -->
  <testcase classname="com.mygoal.baseclass.BaseClass" name="@AfterSuite afterSuite" time="0.0">
    <ignored/>
  </testcase> <!-- @AfterSuite afterSuite -->
  <testcase classname="com.mygoal.baseclass.BaseClass" name="@AfterSuite afterSuite" time="0.0">
    <ignored/>
  </testcase> <!-- @AfterSuite afterSuite -->
  <testcase classname="com.mygoal.baseclass.BaseClass" name="@AfterSuite afterSuite" time="0.0">
    <ignored/>
  </testcase> <!-- @AfterSuite afterSuite -->
  <testcase classname="com.mygoal.tests.WebsitePageTest" name="verifyAboutOptionTest" time="0.0">
    <ignored/>
  </testcase> <!-- verifyAboutOptionTest -->
</testsuite> <!-- Smoke -->
