<?xml version="1.0" encoding="UTF-8"?>
<!-- Generated by org.testng.reporters.JUnitXMLReporter -->
<testsuite ignored="0" hostname="KTLPT1298" failures="7" tests="33" name="Test" time="236.648" errors="0" timestamp="2024-09-29T00:31:03 IST">
  <testcase classname="com.mygoal.tests.DashboardPageTest" name="VerifyCurrURL" time="0.701"/>
  <testcase classname="com.mygoal.tests.DashboardPageTest" name="VerifyTitleOfDashboard" time="0.715"/>
  <testcase classname="com.mygoal.tests.DashboardPageTest" name="verifyAccountManagementClickFunctionalityTest" time="0.888">
    <failure type="java.lang.AssertionError" message="expected [New Account] but found []">
      <![CDATA[java.lang.AssertionError: expected [New Account] but found []
at com.mygoal.tests.DashboardPageTest.verifyAccountManagementClickFunctionalityTest(DashboardPageTest.java:87)
at java.base/java.util.ArrayList.forEach(ArrayList.java:1597)
... Removed 31 stack frames]]>
    </failure>
  </testcase> <!-- verifyAccountManagementClickFunctionalityTest -->
  <testcase classname="com.mygoal.tests.DashboardPageTest" name="verifyAnnouncmentClickFunctionalityTest" time="1.07"/>
  <testcase classname="com.mygoal.tests.DashboardPageTest" name="verifyDepositClickFunctionalityTest" time="3.027"/>
  <testcase classname="com.mygoal.tests.DashboardPageTest" name="verifyManagementAccountClickFunctionalityTest" time="3.985"/>
  <testcase classname="com.mygoal.tests.DashboardPageTest" name="verifyNewAccountClickFunctionalityTest" time="3.46"/>
  <testcase classname="com.mygoal.tests.DashboardPageTest" name="verifySettingClickFunctionalityTest" time="2.617"/>
  <testcase classname="com.mygoal.tests.DashboardPageTest" name="verifyTransactionClickFunctionalityTest" time="1.307">
    <failure type="java.lang.AssertionError" message="expected [Transaction] but found []">
      <![CDATA[java.lang.AssertionError: expected [Transaction] but found []
at com.mygoal.tests.DashboardPageTest.verifyTransactionClickFunctionalityTest(DashboardPageTest.java:131)
at java.base/java.util.ArrayList.forEach(ArrayList.java:1597)
... Removed 31 stack frames]]>
    </failure>
  </testcase> <!-- verifyTransactionClickFunctionalityTest -->
  <testcase classname="com.mygoal.tests.DashboardPageTest" name="verifyTransactionHistoryClickFunctionalityTest" time="2.846"/>
  <testcase classname="com.mygoal.tests.DashboardPageTest" name="verifyTransferClickFunctionalityTest" time="3.336">
    <failure type="java.lang.AssertionError" message="expected [http://localhost/banking/admin/?page=transaction/transfer] but found [http://localhost/banking/admin/]">
      <![CDATA[java.lang.AssertionError: expected [http://localhost/banking/admin/?page=transaction/transfer] but found [http://localhost/banking/admin/]
at com.mygoal.tests.DashboardPageTest.verifyTransferClickFunctionalityTest(DashboardPageTest.java:191)
at java.base/java.util.ArrayList.forEach(ArrayList.java:1597)
... Removed 31 stack frames]]>
    </failure>
  </testcase> <!-- verifyTransferClickFunctionalityTest -->
  <testcase classname="com.mygoal.tests.DashboardPageTest" name="verifyWithdrowClickFunctionalityTest" time="3.276">
    <failure type="java.lang.AssertionError" message="expected [http://localhost/banking/admin/?page=transaction/withdraw] but found [http://localhost/banking/admin/?page=transaction/deposit]">
      <![CDATA[java.lang.AssertionError: expected [http://localhost/banking/admin/?page=transaction/withdraw] but found [http://localhost/banking/admin/?page=transaction/deposit]
at com.mygoal.tests.DashboardPageTest.verifyWithdrowClickFunctionalityTest(DashboardPageTest.java:176)
at java.base/java.util.ArrayList.forEach(ArrayList.java:1597)
... Removed 31 stack frames]]>
    </failure>
  </testcase> <!-- verifyWithdrowClickFunctionalityTest -->
  <testcase classname="com.mygoal.tests.ManageAccountPageTest" name="VerifyCurrentURLOfManageAccountPage" time="2.526"/>
  <testcase classname="com.mygoal.tests.ManageAccountPageTest" name="VerifyTitleOfManageAccountPage" time="2.927"/>
  <testcase classname="com.mygoal.tests.SettingPageTest" name="VerifyCurrentURLOfsettingPage" time="3.414"/>
  <testcase classname="com.mygoal.tests.SettingPageTest" name="VerifyTitleOfSettingPage" time="2.391"/>
  <testcase classname="com.mygoal.tests.NewAccountPageTest" name="verifyAccountCreationFunctionalityWithValiddataTest" time="6.582"/>
  <testcase classname="com.mygoal.tests.NewAccountPageTest" name="verifyTitleOfNewAccountPage" time="2.822"/>
  <testcase classname="com.mygoal.tests.NewAccountPageTest" name="verifyUrlOfNewAccountPage" time="2.987"/>
  <testcase classname="com.mygoal.tests.DepositPageTest" name="VerifyCurrentURLOfDepositPage" time="2.936"/>
  <testcase classname="com.mygoal.tests.DepositPageTest" name="VerifyTitleOfDepositPage" time="2.617"/>
  <testcase classname="com.mygoal.tests.WebsitePageTest" name="verifyAboutOptionTest" time="1.935"/>
  <testcase classname="com.mygoal.tests.WebsitePageTest" name="verifyAnnouncementsOptionTest" time="2.203"/>
  <testcase classname="com.mygoal.tests.WebsitePageTest" name="verifyHomeoptionTest" time="1.735"/>
  <testcase classname="com.mygoal.tests.WebsitePageTest" name="verifyTitleOfWebsitePage" time="1.31">
    <failure type="junit.framework.ComparisonFailure" message="expected:&amp;lt;...O...&amp;gt; but was:&amp;lt;...o...&amp;gt;">
      <![CDATA[junit.framework.ComparisonFailure: expected:<...O...> but was:<...o...>
at junit.framework.Assert.assertEquals(Assert.java:81)
at junit.framework.Assert.assertEquals(Assert.java:87)
at com.mygoal.tests.WebsitePageTest.verifyTitleOfWebsitePage(WebsitePageTest.java:53)
at java.base/java.util.ArrayList.forEach(ArrayList.java:1597)
... Removed 25 stack frames]]>
    </failure>
  </testcase> <!-- verifyTitleOfWebsitePage -->
  <testcase classname="com.mygoal.tests.WebsitePageTest" name="verifyUrlOfWebsitePage" time="1.456"/>
  <testcase classname="com.mygoal.tests.LoginPageTest" name="verifyLoginWithInvalidUsernameAndInvalidPassword" time="12.323">
    <failure type="org.openqa.selenium.NoSuchElementException" message="no such element: Unable to locate element: {&amp;quot;method&amp;quot;:&amp;quot;xpath&amp;quot;,&amp;quot;selector&amp;quot;:&amp;quot;//div[text()=&amp;apos; Incorrect username or password&amp;apos;]&amp;quot;}
  (Session info: chrome=129.0.6668.71)
For documentation on this error, please visit: https://www.selenium.dev/documentation/webdriver/troubleshooting/errors#no-such-element-exception
Build info: version: &amp;apos;4.20.0&amp;apos;, revision: &amp;apos;866c76ca80&amp;apos;
System info: os.name: &amp;apos;Windows 11&amp;apos;, os.arch: &amp;apos;amd64&amp;apos;, os.version: &amp;apos;10.0&amp;apos;, java.version: &amp;apos;22.0.2&amp;apos;
Driver info: org.openqa.selenium.chrome.ChromeDriver
Command: [fe336d44ef7510d36f368c11db778c82, findElement {value=//div[text()=&amp;apos; Incorrect username or password&amp;apos;], using=xpath}]
Capabilities {acceptInsecureCerts: false, browserName: chrome, browserVersion: 129.0.6668.71, chrome: {chromedriverVersion: 129.0.6668.70 (df87d5cf12b1..., userDataDir: C:\Users\Anish\AppData\Loca...}, fedcm:accounts: true, goog:chromeOptions: {debuggerAddress: localhost:63540}, networkConnectionEnabled: false, pageLoadStrategy: normal, platformName: windows, proxy: Proxy(), se:cdp: ws://localhost:63540/devtoo..., se:cdpVersion: 129.0.6668.71, setWindowRect: true, strictFileInteractability: false, timeouts: {implicit: 0, pageLoad: 300000, script: 30000}, unhandledPromptBehavior: dismiss and notify, webauthn:extension:credBlob: true, webauthn:extension:largeBlob: true, webauthn:extension:minPinLength: true, webauthn:extension:prf: true, webauthn:virtualAuthenticators: true}
Session ID: fe336d44ef7510d36f368c11db778c82">
      <![CDATA[org.openqa.selenium.NoSuchElementException: no such element: Unable to locate element: {"method":"xpath","selector":"//div[text()=' Incorrect username or password']"}
  (Session info: chrome=129.0.6668.71)
For documentation on this error, please visit: https://www.selenium.dev/documentation/webdriver/troubleshooting/errors#no-such-element-exception
Build info: version: '4.20.0', revision: '866c76ca80'
System info: os.name: 'Windows 11', os.arch: 'amd64', os.version: '10.0', java.version: '22.0.2'
Driver info: org.openqa.selenium.chrome.ChromeDriver
Command: [fe336d44ef7510d36f368c11db778c82, findElement {value=//div[text()=' Incorrect username or password'], using=xpath}]
Capabilities {acceptInsecureCerts: false, browserName: chrome, browserVersion: 129.0.6668.71, chrome: {chromedriverVersion: 129.0.6668.70 (df87d5cf12b1..., userDataDir: C:\Users\Anish\AppData\Loca...}, fedcm:accounts: true, goog:chromeOptions: {debuggerAddress: localhost:63540}, networkConnectionEnabled: false, pageLoadStrategy: normal, platformName: windows, proxy: Proxy(), se:cdp: ws://localhost:63540/devtoo..., se:cdpVersion: 129.0.6668.71, setWindowRect: true, strictFileInteractability: false, timeouts: {implicit: 0, pageLoad: 300000, script: 30000}, unhandledPromptBehavior: dismiss and notify, webauthn:extension:credBlob: true, webauthn:extension:largeBlob: true, webauthn:extension:minPinLength: true, webauthn:extension:prf: true, webauthn:virtualAuthenticators: true}
Session ID: fe336d44ef7510d36f368c11db778c82
at org.openqa.selenium.remote.ErrorCodec.decode(ErrorCodec.java:167)
at org.openqa.selenium.remote.codec.w3c.W3CHttpResponseCodec.decode(W3CHttpResponseCodec.java:138)
at org.openqa.selenium.remote.codec.w3c.W3CHttpResponseCodec.decode(W3CHttpResponseCodec.java:50)
at org.openqa.selenium.remote.HttpCommandExecutor.execute(HttpCommandExecutor.java:190)
at org.openqa.selenium.remote.service.DriverCommandExecutor.invokeExecute(DriverCommandExecutor.java:216)
at org.openqa.selenium.remote.service.DriverCommandExecutor.execute(DriverCommandExecutor.java:174)
at org.openqa.selenium.remote.RemoteWebDriver.execute(RemoteWebDriver.java:518)
at org.openqa.selenium.remote.ElementLocation$ElementFinder$2.findElement(ElementLocation.java:165)
at org.openqa.selenium.remote.ElementLocation.findElement(ElementLocation.java:59)
at org.openqa.selenium.remote.RemoteWebDriver.findElement(RemoteWebDriver.java:355)
at org.openqa.selenium.remote.RemoteWebDriver.findElement(RemoteWebDriver.java:349)
at org.openqa.selenium.support.pagefactory.DefaultElementLocator.findElement(DefaultElementLocator.java:68)
at org.openqa.selenium.support.pagefactory.internal.LocatingElementHandler.invoke(LocatingElementHandler.java:38)
at jdk.proxy2/jdk.proxy2.$Proxy14.getText(Unknown Source)
at com.mygoal.pageobject.LoginPage.getErrorMessage(LoginPage.java:83)
at com.mygoal.tests.LoginPageTest.verifyLoginWithInvalidUsernameAndInvalidPassword(LoginPageTest.java:77)
at java.base/java.util.ArrayList.forEach(ArrayList.java:1597)
... Removed 28 stack frames]]>
    </failure>
  </testcase> <!-- verifyLoginWithInvalidUsernameAndInvalidPassword -->
  <testcase classname="com.mygoal.tests.LoginPageTest" name="verifyLoginWithValidUsernameAndValidPassword" time="1.518"/>
  <testcase classname="com.mygoal.tests.LoginPageTest" name="verifyTheGotoWebsiteButtonFunctionality" time="0.882"/>
  <testcase classname="com.mygoal.tests.LoginPageTest" name="verifyTitleOfLoginPage" time="0.047">
    <failure type="java.lang.AssertionError" message="expected [State bank of India] but found [State bank Of India]">
      <![CDATA[java.lang.AssertionError: expected [State bank of India] but found [State bank Of India]
at com.mygoal.tests.LoginPageTest.verifyTitleOfLoginPage(LoginPageTest.java:54)
at java.base/java.util.ArrayList.forEach(ArrayList.java:1597)
... Removed 31 stack frames]]>
    </failure>
  </testcase> <!-- verifyTitleOfLoginPage -->
  <testcase classname="com.mygoal.tests.LoginPageTest" name="verifyUrlOfLoginPage" time="0.041"/>
  <testcase classname="com.mygoal.tests.AnnouncementPageTest" name="VerifyCurrentURLOfAnnouncmentPage" time="1.781"/>
  <testcase classname="com.mygoal.tests.AnnouncementPageTest" name="VerifyTitleOfAnnouncmentPage" time="1.423"/>
</testsuite> <!-- Test -->
