<?xml version="1.0" encoding="UTF-8"?>
<!-- Generated by org.testng.reporters.JUnitXMLReporter -->
<testsuite ignored="7" hostname="KTLPT1298" failures="4" tests="5" name="Default test(failed)" time="21.011" errors="0" timestamp="2024-09-28T21:00:18 IST">
  <testcase classname="com.mygoal.tests.DashboardPageTest" name="verifyTransferClickFunctionalityTest" time="1.478">
    <failure type="java.lang.AssertionError" message="expected [http://localhost/banking/admin/?page=transaction/transfer] but found [http://localhost/banking/admin/?page=transaction/deposit]">
      <![CDATA[java.lang.AssertionError: expected [http://localhost/banking/admin/?page=transaction/transfer] but found [http://localhost/banking/admin/?page=transaction/deposit]
at com.mygoal.tests.DashboardPageTest.verifyTransferClickFunctionalityTest(DashboardPageTest.java:191)
at java.base/java.util.ArrayList.forEach(ArrayList.java:1597)
... Removed 31 stack frames]]>
    </failure>
  </testcase> <!-- verifyTransferClickFunctionalityTest -->
  <testcase classname="com.mygoal.tests.DashboardPageTest" name="verifyAccountManagementClickFunctionalityTest" time="1.452"/>
  <testcase classname="com.mygoal.tests.DashboardPageTest" name="verifyWithdrowClickFunctionalityTest" time="1.471">
    <failure type="java.lang.AssertionError" message="expected [http://localhost/banking/admin/?page=transaction/withdraw] but found [http://localhost/banking/admin/?page=transaction/deposit]">
      <![CDATA[java.lang.AssertionError: expected [http://localhost/banking/admin/?page=transaction/withdraw] but found [http://localhost/banking/admin/?page=transaction/deposit]
at com.mygoal.tests.DashboardPageTest.verifyWithdrowClickFunctionalityTest(DashboardPageTest.java:176)
at java.base/java.util.ArrayList.forEach(ArrayList.java:1597)
... Removed 31 stack frames]]>
    </failure>
  </testcase> <!-- verifyWithdrowClickFunctionalityTest -->
  <testcase classname="com.mygoal.tests.DashboardPageTest" name="verifyManagementAccountClickFunctionalityTest" time="1.48">
    <failure type="java.lang.AssertionError" message="expected [http://localhost/banking/admin/?page=accounts] but found [http://localhost/banking/admin/?page=accounts/manage_account]">
      <![CDATA[java.lang.AssertionError: expected [http://localhost/banking/admin/?page=accounts] but found [http://localhost/banking/admin/?page=accounts/manage_account]
at com.mygoal.tests.DashboardPageTest.verifyManagementAccountClickFunctionalityTest(DashboardPageTest.java:117)
at java.base/java.util.ArrayList.forEach(ArrayList.java:1597)
... Removed 31 stack frames]]>
    </failure>
  </testcase> <!-- verifyManagementAccountClickFunctionalityTest -->
  <testcase classname="com.mygoal.tests.DashboardPageTest" name="verifyTransactionClickFunctionalityTest" time="1.282">
    <failure type="java.lang.AssertionError" message="expected [Transaction] but found [Transactions]">
      <![CDATA[java.lang.AssertionError: expected [Transaction] but found [Transactions]
at com.mygoal.tests.DashboardPageTest.verifyTransactionClickFunctionalityTest(DashboardPageTest.java:131)
at java.base/java.util.ArrayList.forEach(ArrayList.java:1597)
... Removed 31 stack frames]]>
    </failure>
  </testcase> <!-- verifyTransactionClickFunctionalityTest -->
  <testcase classname="com.mygoal.tests.DashboardPageTest" name="verifyNewAccountClickFunctionalityTest" time="0.0">
    <ignored/>
  </testcase> <!-- verifyNewAccountClickFunctionalityTest -->
  <testcase classname="com.mygoal.tests.DashboardPageTest" name="VerifyTitleOfDashboard" time="0.0">
    <ignored/>
  </testcase> <!-- VerifyTitleOfDashboard -->
  <testcase classname="com.mygoal.tests.DashboardPageTest" name="verifyAnnouncmentClickFunctionalityTest" time="0.0">
    <ignored/>
  </testcase> <!-- verifyAnnouncmentClickFunctionalityTest -->
  <testcase classname="com.mygoal.tests.DashboardPageTest" name="VerifyCurrURL" time="0.0">
    <ignored/>
  </testcase> <!-- VerifyCurrURL -->
  <testcase classname="com.mygoal.tests.DashboardPageTest" name="verifySettingClickFunctionalityTest" time="0.0">
    <ignored/>
  </testcase> <!-- verifySettingClickFunctionalityTest -->
  <testcase classname="com.mygoal.tests.DashboardPageTest" name="verifyDepositClickFunctionalityTest" time="0.0">
    <ignored/>
  </testcase> <!-- verifyDepositClickFunctionalityTest -->
  <testcase classname="com.mygoal.tests.DashboardPageTest" name="verifyTransactionHistoryClickFunctionalityTest" time="0.0">
    <ignored/>
  </testcase> <!-- verifyTransactionHistoryClickFunctionalityTest -->
</testsuite> <!-- Default test(failed) -->
